[  0.000000] Initializing cgroup subsys cpuset
[    0.000000] Initializing cgroup subsys cpu
[    0.000000] Initializing cgroup subsys cpuacct
[    0.000000] Linux version 4.4.0-45-generic (buildd@lgw01-34) (gcc version 5.4.0 20160609 (Ubuntu 5.4.0-6ubuntu1~16.04.2) ) #66-Ubuntu SMP WedOc 19 14:12:37 UTC 2016 (Ubuntu 4.4.0-45.66-generic 4.4.21)
[    0.000000] Command line: BOOT_IMAGE=/boot/vmlinuz-4.4.0-45-generic root=LABEL=cloudimg-rootfs ro console=tty1 console=ttyS0
[    0.000000] KERNEL supported cpus:
[    0.000000]   Intel GenuineIntel
[    0.000000]   AMD AuthenticAMD
[    0.000000]   Centaur CentaurHauls
[    0.000000] x86/fpu: xstate_offset[2]:  576, xstate_sizes[2]:  256
[    0.000000] x86/fpu: Supporting XSAVE feature 0x01: 'x87 floating point registers'
[    0.000000] x86/fpu: Supporting XSAVE feature 0x02: 'SSE registers'
[    0.000000] x86/fpu: Supporting XSAVE feature 0x04: 'AVX registers'
[    0.000000] x86/fpu: Enabled xstate features 0x7, context size is 832 bytes, using 'standard' format.
[    0.000000] x86/fpu: Using 'lazy' FPU context switches.
[    0.000000] e820: BIOS-provided physical RAM map:
[    0.000000] BIOS-e820: [mem 0x0000000000000000-0x000000000009fbff] usable
[    0.000000] BIOS-e820: [mem 0x000000000009fc00-0x000000000009ffff] reserved
[    0.000000] BIOS-e820: [mem 0x00000000000f0000-0x00000000000fffff] reserved
[    0.000000] BIOS-e820: [mem 0x0000000000100000-0x000000003ffeffff] usable
[    0.000000] BIOS-e820: [mem 0x000000003fff0000-0x000000003fffffff] ACPI data
[    0.000000] BIOS-e820: [mem 0x00000000fec00000-0x00000000fec00fff] reserved
[    0.000000] BIOS-e820: [mem 0x00000000fee00000-0x00000000fee00fff] reserved
[    0.000000] BIOS-e820: [mem 0x00000000fffc0000-0x00000000ffffffff] reserved
[    0.000000] NX (Execute Disable) protection: active
[    0.000000] SMBIOS 2.5 present.
[    0.000000] Hypervisor detected: KVM
[    0.000000] e820: last_pfn = 0x3fff0 max_arch_pfn = 0x400000000
[    0.000000] MTRR: Disabled
[    0.000000] x86/PAT: MTRRs disabled, skipping PAT initialization too.
[    0.000000] x86/PAT: Configuration [0-7]: WB  WT  UC- UC  WB  WT  UC- UC  
[    0.000000] CPU MTRRs all blank - virtualized system.
[    0.000000] found SMP MP-table at [mem 0x0009fff0-0x0009ffff] mapped at [ffff88000009fff0]
[    0.000000] Scanning 1 areas for low memory corruption
[    0.000000] RAMDISK: [mem 0x37014000-0x37801fff]
[    0.000000] ACPI: Early table checksum verification disabled
[    0.000000] ACPI: RSDP 0x00000000000E0000 000024 (v02 VBOX  )
[    0.000000] ACPI: XSDT 0x000000003FFF0030 00003C (v01 VBOX   VBOXXSDT 00000001 ASL  00000061)
[    0.000000] ACPI: FACP 0x000000003FFF00F0 0000F4 (v04 VBOX   VBOXFACP 00000001 ASL  00000061)
[    0.000000] ACPI: DSDT 0x000000003FFF0470 00210F (v01 VBOX   VBOXBIOS 00000002 INTL 20160108)
[    0.000000] ACPI: FACS 0x000000003FFF0200 000040
[    0.000000] ACPI: FACS 0x000000003FFF0200 000040
[    0.000000] ACPI: APIC 0x000000003FFF0240 00005C (v02 VBOX   VBOXAPIC 00000001 ASL  00000061)
[    0.000000] ACPI: SSDT 0x000000003FFF02A0 0001CC (v01 VBOX   VBOXCPUT 00000002 INTL 20160108)
[    0.000000] No NUMA configuration found
[    0.000000] Faking a node at [mem 0x0000000000000000-0x000000003ffeffff]
[    0.000000] NODE_DATA(0) allocated [mem 0x3ffeb000-0x3ffeffff]
[    0.000000] kvm-clock: Using msrs 4b564d01 and 4b564d00
[    0.000000] kvm-clock: cpu 0, msr 0:3ffe7001, primary cpu clock
[    0.000000] kvm-clock: using sched offset of 3145431001 cycles
[    0.000000] clocksource: kvm-clock: mask: 0xffffffffffffffff max_cycles: 0x1cd42e4dffb, max_idle_ns: 881590591483 ns
[    0.000000] Zone ranges:
[    0.000000]   DMA      [mem 0x0000000000001000-0x0000000000ffffff]
[    0.000000]   DMA32    [mem 0x0000000001000000-0x000000003ffeffff]
[    0.000000]   Normal   empty
[    0.000000]   Device   empty
[    0.000000] Movable zone start for each node
[    0.000000] Early memory node ranges
[    0.000000]   node   0: [mem 0x0000000000001000-0x000000000009efff]
[    0.000000]   node   0: [mem 0x0000000000100000-0x000000003ffeffff]
[    0.000000] Initmem setup node 0 [mem 0x0000000000001000-0x000000003ffeffff]
[    0.000000] ACPI: PM-Timer IO Port: 0x4008
[    0.000000] IOAPIC[0]: apic_id 2, version 32, address 0xfec00000, GSI 0-23
[    0.000000] ACPI: INT_SRC_OVR (bus 0 bus_irq 0 global_irq 2 dfl dfl)
[    0.000000] ACPI: INT_SRC_OVR (bus 0 bus_irq 9 global_irq 9 high level)
[    0.000000] Using ACPI (MADT) for SMP configuration information
[    0.000000] smpboot: Allowing 2 CPUs, 0 hotplug CPUs
[    0.000000] PM: Registered nosave memory: [mem 0x00000000-0x00000fff]
[    0.000000] PM: Registered nosave memory: [mem 0x0009f000-0x0009ffff]
[    0.000000] PM: Registered nosave memory: [mem 0x000a0000-0x000effff]
[    0.000000] PM: Registered nosave memory: [mem 0x000f0000-0x000fffff]
[    0.000000] e820: [mem 0x40000000-0xfebfffff] available for PCI devices
[    0.000000] Booting paravirtualized kernel on KVM
[    0.000000] clocksource: refined-jiffies: mask: 0xffffffff max_cycles: 0xffffffff, max_idle_ns: 7645519600211568 ns
[    0.000000] setup_percpu: NR_CPUS:256 nr_cpumask_bits:256 nr_cpu_ids:2 nr_node_ids:1
[    0.000000] PERCPU: Embedded 33 pages/cpu @ffff88003fc00000 s98008 r8192 d28968 u1048576
[    0.000000] PV qspinlock hash table entries: 256 (order: 0, 4096 bytes)
[    0.000000] Built 1 zonelists in Node order, mobility grouping on.  Total pages: 257913
[    0.000000] Policy zone: DMA32
[    0.000000] Kernel command line: BOOT_IMAGE=/boot/vmlinuz-4.4.0-45-generic root=LABEL=cloudimg-rootfs ro console=tty1 console=ttyS0
[    0.000000] PID hash table entries: 4096 (order: 3, 32768 bytes)
[    0.000000] Memory: 1004516K/1048120K available (8409K kernel code, 1283K rwdata, 3944K rodata, 1480K init, 1292K bss, 43604K reserved, 0K cma-reserved)
[    0.000000] SLUB: HWalign=64, Order=0-3, MinObjects=0, CPUs=2, Nodes=1
[    0.000000] Hierarchical RCU implementation.
[    0.000000] 	Build-time adjustment of leaf fanout to 64.
[    0.000000] 	RCU restricting CPUs from NR_CPUS=256 to nr_cpu_ids=2.
[    0.000000] RCU: Adjusting geometry for rcu_fanout_leaf=64, nr_cpu_ids=2
[    0.000000] NR_IRQS:16640 nr_irqs:440 16
[    0.000000] Console: colour VGA+ 80x25
[    0.000000] console [tty1] enabled
[    0.000000] console [ttyS0] enabled
[    0.000000] tsc: Detected 2294.764 MHz processor
[    1.080996] Calibrating delay loop (skipped) preset value.. 4589.52 BogoMIPS (lpj=9179056)
[    1.082917] pid_max: default: 32768 minimum: 301
[    1.089258] ACPI: Core revision 20150930
[    1.091522] ACPI: 2 ACPI AML tables successfully acquired and loaded
[    1.098389] Security Framework initialized
[    1.099356] Yama: becoming mindful.
[    1.101763] AppArmor: AppArmor initialized
[    1.117753] Dentry cache hash table entries: 131072 (order: 8, 1048576 bytes)
[    1.127178] Inode-cache hash table entries: 65536 (order: 7, 524288 bytes)
[    1.134671] Mount-cache hash table entries: 2048 (order: 2, 16384 bytes)
[    1.143777] Mountpoint-cache hash table entries: 2048 (order: 2, 16384 bytes)
[    1.146673] Initializing cgroup subsys io
[    1.173966] Initializing cgroup subsys memory
[    1.177908] Initializing cgroup subsys devices
[    1.181582] Initializing cgroup subsys freezer
[    1.186714] Initializing cgroup subsys net_cls
[    1.188358] Initializing cgroup subsys perf_event
[    1.190144] Initializing cgroup subsys net_prio
[    1.194948] Initializing cgroup subsys hugetlb
[    1.196412] Initializing cgroup subsys pids
[    1.197966] CPU: Physical Processor ID: 0
[    1.199530] CPU: Processor Core ID: 0
[    1.205911] mce: CPU supports 0 MCE banks
[    1.206910] Last level iTLB entries: 4KB 512, 2MB 8, 4MB 8
[    1.208089] Last level dTLB entries: 4KB 512, 2MB 32, 4MB 32, 1GB 0
[    1.212658] Freeing SMP alternatives memory: 32K (ffffffff820b4000 - ffffffff820bc000)
[    1.227995] ftrace: allocating 32007 entries in 126 pages
[    1.307112] smpboot: Max logical packages: 1
[    1.335953] smpboot: APIC(0) Converting physical 0 to logical package 0
[    1.361233] x2apic enabled
[    1.367641] Switched APIC routing to physical x2apic.
[    1.370238] ..TIMER: vector=0x30 apic1=0 pin1=2 apic2=-1 pin2=-1
[    1.512997] smpboot: CPU0: Intel(R) Core(TM) i7-2820QM CPU @ 2.30GHz (family: 0x6, model: 0x2a, stepping: 0x7)
[    1.545563] Performance Events: unsupported p6 CPU model 42 no PMU driver, software events only.
[    1.553025] KVM setup paravirtual spinlock
[    1.558591] x86: Booting SMP configuration:
[    1.559576] .... node  #0, CPUs:      #1
[    1.560681] kvm-clock: cpu 1, msr 0:3ffe7041, secondary cpu clock
[    1.565262] mce: CPU supports 0 MCE banks
[    1.595278] x86: Booted up 1 node, 2 CPUs
[    1.600487] smpboot: Total of 2 processors activated (9179.05 BogoMIPS)
[    1.602388] devtmpfs: initialized
[    1.607627] evm: security.selinux
[    1.649780] evm: security.SMACK64
[    1.653349] evm: security.SMACK64EXEC
[    1.658094] evm: security.SMACK64TRANSMUTE
[    1.659035] evm: security.SMACK64MMAP
[    1.693105] evm: security.ima
[    1.706515] evm: security.capability
[    1.730993] clocksource: jiffies: mask: 0xffffffff max_cycles: 0xffffffff, max_idle_ns: 7645041785100000 ns
[    1.733258] pinctrl core: initialized pinctrl subsystem
[    1.734519] RTC time: 22:23:41, date: 11/07/16
[    1.736327] NET: Registered protocol family 16
[    1.762380] cpuidle: using governor ladder
[    1.780857] cpuidle: using governor menu
[    1.788328] PCCT header not found.
[    1.795718] ACPI: bus type PCI registered
[    1.812275] acpiphp: ACPI Hot Plug PCI Controller Driver version: 0.5
[    1.813761] PCI: Using configuration type 1 for base access
[    1.830371] ACPI: Added _OSI(Module Device)
[    1.852200] ACPI: Added _OSI(Processor Device)
[    1.853280] ACPI: Added _OSI(3.0 _SCP Extensions)
[    1.881425] ACPI: Added _OSI(Processor Aggregator Device)
[    1.920932] ACPI: Executed 1 blocks of module-level executable AML code
[    1.937257] ACPI: Interpreter enabled
[    1.951398] ACPI Exception: AE_NOT_FOUND, While evaluating Sleep State [\_S1_] (20150930/hwxface-580)
[    1.965338] ACPI Exception: AE_NOT_FOUND, While evaluating Sleep State [\_S2_] (20150930/hwxface-580)
[    1.975004] ACPI Exception: AE_NOT_FOUND, While evaluating Sleep State [\_S3_] (20150930/hwxface-580)
[    1.980419] ACPI Exception: AE_NOT_FOUND, While evaluating Sleep State [\_S4_] (20150930/hwxface-580)
[    1.989371] ACPI: (supports S0 S5)
[    1.992571] ACPI: Using IOAPIC for interrupt routing
[    1.993879] PCI: Using host bridge windows from ACPI; if necessary, use "pci=nocrs" and report a bug
[    2.000365] ACPI: PCI Root Bridge [PCI0] (domain 0000 [bus 00-ff])
[    2.007024] acpi PNP0A03:00: _OSC: OS supports [ASPM ClockPM Segments MSI]
[    2.009497] acpi PNP0A03:00: _OSC failed (AE_NOT_FOUND); disabling ASPM
[    2.013137] acpi PNP0A03:00: fail to add MMCONFIG information, can't access extended PCI configuration space under this bridge.
[    2.021334] PCI host bridge to bus 0000:00
[    2.075890] pci_bus 0000:00: root bus resource [io  0x0000-0x0cf7 window]
[    2.077323] pci_bus 0000:00: root bus resource [io  0x0d00-0xffff window]
[    2.081514] pci_bus 0000:00: root bus resource [mem 0x000a0000-0x000bffff window]
[    2.083206] pci_bus 0000:00: root bus resource [mem 0x40000000-0xffdfffff window]
[    2.091279] pci_bus 0000:00: root bus resource [bus 00-ff]
[    2.095739] pci 0000:00:01.1: legacy IDE quirk: reg 0x10: [io  0x01f0-0x01f7]
[    2.124843] pci 0000:00:01.1: legacy IDE quirk: reg 0x14: [io  0x03f6]
[    2.168699] pci 0000:00:01.1: legacy IDE quirk: reg 0x18: [io  0x0170-0x0177]
[    2.181738] pci 0000:00:01.1: legacy IDE quirk: reg 0x1c: [io  0x0376]
[    2.202262] pci 0000:00:07.0: quirk: [io  0x4000-0x403f] claimed by PIIX4 ACPI
[    2.245709] pci 0000:00:07.0: quirk: [io  0x4100-0x410f] claimed by PIIX4 SMB
[    2.258514] ACPI: PCI Interrupt Link [LNKA] (IRQs 5 9 10 *11)
[    2.265781] ACPI: PCI Interrupt Link [LNKB] (IRQs 5 9 10 *11)
[    2.313958] ACPI: PCI Interrupt Link [LNKC] (IRQs 5 9 *10 11)
[    2.325022] ACPI: PCI Interrupt Link [LNKD] (IRQs 5 *9 10 11)
[    2.371713] ACPI: Enabled 2 GPEs in block 00 to 07
[    2.390891] vgaarb: setting as boot device: PCI:0000:00:02.0
[    2.395977] vgaarb: device added: PCI:0000:00:02.0,decodes=io+mem,owns=io+mem,locks=none
[    2.429674] vgaarb: loaded
[    2.449411] vgaarb: bridge control possible 0000:00:02.0
[    2.458336] SCSI subsystem initialized
[    2.467072] ACPI: bus type USB registered
[    2.470201] usbcore: registered new interface driver usbfs
[    2.471376] usbcore: registered new interface driver hub
[    2.472536] usbcore: registered new device driver usb
[    2.474017] PCI: Using ACPI for IRQ routing
[    2.475345] NetLabel: Initializing
[    2.476218] NetLabel:  domain hash size = 128
[    2.477183] NetLabel:  protocols = UNLABELED CIPSOv4
[    2.478303] NetLabel:  unlabeled traffic allowed by default
[    2.479676] amd_nb: Cannot enumerate AMD northbridges
[    2.480839] clocksource: Switched to clocksource kvm-clock
[    2.490528] AppArmor: AppArmor Filesystem Enabled
[  2.21] p:nP ACPI init
[  2615]np P AI:ou 3eves
[    3.500522] clocksource: acpi_pm: mask: 0xffffff max_cycles: 0xffffff, max_idle_ns: 2085701024 ns
[    3.545013] NET: Registered protocol family 2
[    3.546210] TCP established hash table entries: 8192 (order: 4, 65536 bytes)
[    3.547634] TCP bind hash table entries: 8192 (order: 5, 131072 bytes)
[    3.548965] TCP: Hash tables configured (established 8192 bind 8192)
[    3.550324] UDP hash table entries: 512 (order: 2, 16384 bytes)
[    3.555813] UDP-Lite hash table entries: 512 (order: 2, 16384 bytes)
[    3.557154] NET: Registered protocol family 1
[    3.558199] pci 0000:00:00.0: Limiting direct PCI/PCI transfers
[    3.560761] pci 0000:00:01.0: Activating ISA DMA hang workarounds
[    3.562762] Trying to unpack rootfs image as initramfs...
[    5.359189] Freeing initrd memory: 8120K (ffff880037014000 - ffff880037802000)
[  55234RA PU teed, API unit is 2^-32 Joules, 3 fixed counters 10737418240 ms ovfl timer
[  5117]w unit of domain pp0-core 2^-0 Joules
[    6.205331] hw unit of domain package 2^-0 Joules
[    6.206368] hw unit of domain pp1-gpu 2^-0 Joules
[    6.207529] platform rtc_cmos: registered platform RTC device (no PNP device found)
[    6.209328] Scanning for low memory corruption every 60 seconds
[    6.211180] futex hash table entries: 512 (order: 3, 32768 bytes)
[    6.212485] audit: initializing netlink subsys (disabled)
[    6.213711] audit: type=2000 audit(1478557429.273:1): initialized
[    6.215333] Initialise system trusted keyring
[    6.216585] HugeTLB registered 2 MB page size, pre-allocated 0 pages
[    6.219761] zbud: loaded
[    6.220965] VFS: Disk quotas dquot_6.6.0
[    6.222346] VFS: Dquot-cache hash table entries: 512 (order 0, 4096 bytes)
[    6.224049] squashfs: version 4.0 (2009/01/31) Phillip Lougher
[    6.225704] fuse init (API version 7.23)
[    6.390968] Key type big_key registered
[    6.391934] Allocating IMA MOK and blacklist keyrings.
[    6.394842] Key type asymmetric registered
[    6.420719] Asymmetric key parser 'x509' registered
[    6.580745] Block layer SCSI generic (bsg) driver version 0.4 loaded (major 249)
[    6.582598] io scheduler noop registered
[    6.583535] io scheduler deadline registered (default)
[    6.584681] io scheduler cfq registered
[    6.590839] pci_hotplug: PCI Hot Plug PCI Core version: 0.5
[    6.594315] pciehp: PCI Express Hot Plug Controller Driver version: 0.4
[    6.595838] ACPI: AC Adapter [AC] (on-line)
[    6.599332] input: Power Button as /devices/LNXSYSTM:00/LNXPWRBN:00/input/input0
[    6.601121] ACPI: Power Button [PWRF]
[    6.602121] input: Sleep Button as /devices/LNXSYSTM:00/LNXSLPBN:00/input/input1
[    6.603849] ACPI: Sleep Button [SLPF]
[    6.605099] GHES: HEST is not enabled!
[    6.605950] ACPI: Battery Slot [BAT0] (battery present)
[    6.615624] Serial: 8250/16550 driver, 32 ports, IRQ sharing enabled
[    6.639149] 00:02: ttyS0 at I/O 0x3f8 (irq = 4, base_baud = 115200) is a 16550A
[    6.902436] Linux agpgart interface v0.103
[    6.924492] brd: module loaded
[    6.926815] loop: module loaded
[    6.928416] scsi host0: ata_piix
[    6.929477] scsi host1: ata_piix
[    6.930338] ata1: PATA max UDMA/33 cmd 0x1f0 ctl 0x3f6 bmdma 0xd000 irq 14
[    6.980619] ata2: PATA max UDMA/33 cmd 0x170 ctl 0x376 bmdma 0xd008 irq 15
[    7.021565] libphy: Fixed MDIO Bus: probed
[    7.183750] tun: Universal TUN/TAP device driver, 1.6
[    7.184835] tun: (C) 1999-2004 Max Krasnyansky <maxk@qualcomm.com>
[    7.186217] PPP generic driver version 2.4.2
[    7.191035] ehci_hcd: USB 2.0 'Enhanced' Host Controller (EHCI) Driver
[    7.192358] ehci-pci: EHCI PCI platform driver
[    7.193407] ehci-platform: EHCI generic platform driver
[    7.194534] ohci_hcd: USB 1.1 'Open' Host Controller (OHCI) Driver
[    7.207206] tsc: Refined TSC clocksource calibration: 2296.076 MHz
[    7.207209] clocksource: tsc: mask: 0xffffffffffffffff max_cycles: 0x2118ba69166, max_idle_ns: 440795309600 ns
[    7.214052] ohci-pci: OHCI PCI platform driver
[    7.215087] ohci-platform: OHCI generic platform driver
[    7.400965] uhci_hcd: USB Universal Host Controller Interface driver
[    7.483902] i8042: PNP: PS/2 Controller [PNP0303:PS2K,PNP0f03:PS2M] at 0x60,0x64 irq 1,12
[    7.486467] serio: i8042 KBD port at 0x60,0x64 irq 1
[    7.491075] serio: i8042 AUX port at 0x60,0x64 irq 12
[    7.492365] mousedev: PS/2 mouse device common for all mice
[    7.494327] rtc_cmos rtc_cmos: rtc core: registered rtc_cmos as rtc0
[    7.500704] input: AT Translated Set 2 keyboard as /devices/platform/i8042/serio0/input/input2
[    7.502772] rtc_cmos rtc_cmos: alarms up to one day, 114 bytes nvram
[    7.522108] i2c /dev entries driver
[    7.523076] device-mapper: uevent: version 1.0.3
[    7.562198] device-mapper: ioctl: 4.34.0-ioctl (2015-10-28) initialised: dm-devel@redhat.com
[    7.564106] ledtrig-cpu: registered to indicate activity on CPUs
[    7.566049] NET: Registered protocol family 10
[    7.567320] NET: Registered protocol family 17
[    7.568347] Key type dns_resolver registered
[    7.569576] microcode: CPU0 sig=0x206a7, pf=0x10, revision=0x0
[    7.570912] microcode: CPU1 sig=0x206a7, pf=0x10, revision=0x0
[    7.572166] microcode: Microcode Update Driver: v2.01 <tigran@aivazian.fsnet.co.uk>, Peter Oruba
[    7.574448] registered taskstats version 1
[    7.575434] Loading compiled-in X.509 certificates
[    7.577544] Loaded X.509 cert 'Build time autogenerated kernel key: 5295ae568fdd4deae5e4e5c175542790e6aaeab9'
[    7.579651] zswap: loaded using pool lzo/zbud
[    7.582900] Key type trusted registered
[    7.684664] Key type encrypted registered
[    7.720976] AppArmor: AppArmor sha1 policy hashing enabled
[    7.722143] ima: No TPM chip found, activating TPM-bypass!
[    7.723359] evm: HMAC attrs: 0x1
[    7.724638]   Magic number: 8:713:400
[    7.910921] rtc_cmos rtc_cmos: setting system clock to 2016-11-07 22:23:48 UTC (1478557428)
[    7.942054] BIOS EDD facility v0.16 2004-Jun-25, 0 devices found
[    7.971133] EDD information not available.
[    7.974053] Freeing unused kernel memory: 1480K (ffffffff81f42000 - ffffffff820b4000)
[    7.983262] Write protecting the kernel read-only data: 14336k
[    7.985272] Freeing unused kernel memory: 1820K (ffff880001839000 - ffff880001a00000)
[    8.381016] Freeing unused kernel memory: 152K (ffff880001dda000 - ffff880001e00000)
Loading, please [    8.398198] random: systemd-udevd: uninitialized urandom read (16 bytes read, 2 bits of entropy available)
wait...
starting version 229
[    8.408111] random: systemd-udevd: uninitialized urandom read (16 bytes read, 2 bits of entropy available)
[    8.409408] random: udevadm: uninitialized urandom read (16 bytes read, 2 bits of entropy available)
[    8.409461] random: udevadm: uninitialized urandom read (16 bytes read, 2 bits of entropy available)
[    8.409628] random: udevadm: uninitialized urandom read (16 bytes read, 2 bits of entropy available)
[    8.409692] random: udevadm: uninitialized urandom read (16 bytes read, 2 bits of entropy available)
[    8.409756] random: udevadm: uninitialized urandom read (16 bytes read, 2 bits of entropy available)
[    8.409817] random: udevadm: uninitialized urandom read (16 bytes read, 2 bits of entropy available)
[    8.409877] random: udevadm: uninitialized urandom read (16 bytes read, 2 bits of entropy available)
[    8.409942] random: udevadm: uninitialized urandom read (16 bytes read, 2 bits of entropy available)
[    8.456291] e1000: Intel(R) PRO/1000 Network Driver - version 7.3.21-k8-NAPI
[    8.464417] e1000: Copyright (c) 1999-2006 Intel Corporation.
[    8.472772] Fusion MPT base driver 3.04.20
[    8.481098] Copyright (c) 1999-2008 LSI Corporation
[    8.490339] Fusion MPT SPI Host driver 3.04.20
[    8.549437] AVX version of gcm_enc/dec engaged.
[    8.556370] AES CTR mode by8 optimization enabled
[    8.703899] input: ImExPS/2 Generic Explorer Mouse as /devices/platform/i8042/serio1/input/input4
[    8.869736] e1000 0000:00:03.0 eth0: (PCI:33MHz:32-bit) 02:e3:e0:58:a3:49
[    9.796966] e1000 0000:00:03.0 eth0: Intel(R) PRO/1000 Network Connection
[   10.229950] e1000 0000:00:08.0 eth1: (PCI:33MHz:32-bit) 08:00:27:1d:85:9a
[   10.782296] e1000 0000:00:08.0 eth1: Intel(R) PRO/1000 Network Connection
[   10.800383] mptbase: ioc0: Initiating bringup
[   10.800833] e1000 0000:00:08.0 enp0s8: renamed from eth1
[   11.137673] e1000 0000:00:03.0 enp0s3: renamed from eth0
[   11.221117] ioc0: LSI53C1030 A0: Capabilities={Initiator}
[   11.451129] scsi host2: ioc0: LSI53C1030 A0, FwRev=00000000h, Ports=1, MaxQ=256, IRQ=20
[   11.490083] floppy0: no floppy controllers found
[   11.777396] scsi 2:0:0:0: Direct-Access     VBOX     HARDDISK         1.0  PQ: 0 ANSI: 5
[   11.858081] scsi target2:0:0: Beginning Domain Validation
[   11.860550] scsi target2:0:0: Domain Validation skipping write tests
[   11.861877] scsi target2:0:0: Ending Domain Validation
[   11.863039] scsi target2:0:0: asynchronous
[   11.864454] scsi 2:0:1:0: Direct-Access     VBOX     HARDDISK         1.0  PQ: 0 ANSI: 5
[   11.867391] scsi target2:0:1: Beginning Domain Validation
[   12.041885] scsi target2:0:1: Domain Validation skipping write tests
[   12.230837] scsi target2:0:1: Ending Domain Validation
[   12.450039] scsi target2:0:1: asynchronous
[   12.457592] sd 2:0:0:0: [sda] 20971520 512-byte logical blocks: (10.7 GB/10.0 GiB)
[   12.465242] sd 2:0:0:0: Attached scsi generic sg0 type 0
[   12.465889] sd 2:0:1:0: Attached scsi generic sg1 type 0
[   12.498075] sd 2:0:1:0: [sdb] 20480 512-byte logical blocks: (10.5 MB/10.0 MiB)
[   12.498236] sd 2:0:0:0: [sda] Write Protect is off
[   12.498335] sd 2:0:0:0: [sda] Incomplete mode parameter data
[   12.498336] sd 2:0:0:0: [sda] Assuming drive cache: write through
[   12.643819]  sda: sda1
[   12.645202] sd 2:0:0:0: [sda] Attached SCSI disk
[   12.647734] sd 2:0:1:0: [sdb] Write Protect is off
[   12.649013] sd 2:0:1:0: [sdb] Incomplete mode parameter data
[   12.650230] sd 2:0:1:0: [sdb] Assuming drive cache: write through
[   12.673791] sd 2:0:1:0: [sdb] Attached SCSI disk
Begin: Loading e[   14.128940] md: linear personality registered for level -1
ssential drivers ... [   14.135186] md: multipath personality registered for level -4
[   14.141784] md: raid0 personality registered for level 0
[   14.152487] md: raid1 personality registered for level 1
[   14.228909] raid6: sse2x1   gen()  5729 MB/s
[   14.300880] raid6: sse2x1   xor()  4658 MB/s
[   14.372868] raid6: sse2x2   gen()  7195 MB/s
[   14.444897] raid6: sse2x2   xor()  5457 MB/s
[   14.536876] raid6: sse2x4   gen()  8287 MB/s
[   14.608877] raid6: sse2x4   xor()  6271 MB/s
[   14.615209] raid6: using algorithm sse2x4 gen() 8287 MB/s
[   14.616345] raid6: .... xor() 6271 MB/s, rmw enabled
[   14.617443] raid6: using ssse3x2 recovery algorithm
[   14.620735] xor: automatically using best checksumming function:
[   14.685533]    avx       :  9879.000 MB/sec
[   14.757103] async_tx: api initialized (async)
[   14.769797] md: raid6 personality registered for level 6
[   14.797835] md: raid5 personality registered for level 5
[   14.800123] md: raid4 personality registered for level 4
[   14.808276] md: raid10 personality registered for level 10
done.
Begin: Running /scripts/init-premount ... done.
Begin: Mounting root file system ... Begin: Ru[   14.899603] Btrfs loaded
nning /scripts/local-top ... done.
Begin: Running /scripts/local-premount ... Scanning for Btrfs filesystems
done.
Warning: fsck not present, so skipping root file system
[   15.008653] EXT4-fs (sda1): mounted filesystem with ordered data mode. Opts: (null)
done.
Begin: Running /scripts/local-bottom ... done.
Begin: Running /scripts/init-bottom ... Warning: overlayroot: debug is busted
done.
[   15.111502] systemd[1]: systemd 229 running in system mode. (+PAM +AUDIT +SELINUX +IMA +APPARMOR +SMACK +SYSVINIT +UTMP +LIBCRYPTSETUP +GCRYPT +GNUTLS +ACL +XZ -LZ4 +SECCOMP +BLKID +ELFUTILS +KMOD -IDN)
[   15.343585] systemd[1]: Detected virtualization oracle.
[   15.391078] systemd[1]: Detected architecture x86-64.

Welcome to [1mUbuntu 16.04.1 LTS[0m!

[   15.446096] systemd[1]: Set hostname to <ubuntu>.
[   15.449304] systemd[1]: Initializing machine ID from random generator.
[   15.461123] systemd[1]: Installed transient /etc/machine-id file.
[   15.569056] systemd[1]: Created slice User and Session Slice.
[[0;32m  OK  [0m] Created slice User and Session Slice.
[   15.593855] systemd[1]: Listening on /dev/initctl Compatibility Named Pipe.
[[0;32m  OK  [0m] Listening on /dev/initctl Compatibility Named Pipe.
[   15.596805] systemd[1]: Listening on Syslog Socket.
[[0;32m  OK  [0m] Listening on Syslog Socket.
[ 1541220] systemd[1]: Listening on Journal Audit Socket.
[[0;32m  OK  [0m] Listening on Journal Audit Socket.
[   15.836708] systemd[1]: Listening on Journal Socket.
[[0;32m  OK  [0m] Listening on Journal Socket.
[  19154syem[1]: Listening on LVM2 metadata daemon socket.
[[0;32m  OK  [0m] Listening on LVM2 metadata daemon socket.
[   16.287252] systemd[1]: Started Forward Password Requests to Wall Directory Watch.
[[0;32m  OK  [0m] Started Forward Password Requests to Wall Directory Watch.
[   16.294440] systemd[1]: Listening on Journal Socket (/dev/log).
[[0;32m  OK  [0m] Listening on Journal Socket (/dev/log).
[   16.299888] systemd[1]: Listening on Device-mapper event daemon FIFOs.
[[0;32m  OK  [0m] Listening on Device-mapper event daemon FIFOs.
[   16.305370] systemd[1]: Listening on LVM2 poll daemon socket.
[[0;32m  OK  [0m] Listening on LVM2 poll daemon socket.
[   16.308824] systemd[1]: Reached target Encrypted Volumes.
[[0;32m  OK  [0m] Reached target Encrypted Volumes.
[   16.312368] systemd[1]: Set up automount Arbitrary Executable File Formats File System Automount Point.
[[0;32m  OK  [0m] Set up automount Arbitrary Executab...ats File System Automount Point.
[   16.317524] systemd[1]: Listening on udev Control Socket.
[[0;32m  OK  [0m] Listening on udev Control Socket.
[   16.321197] systemd[1]: Created slice System Slice.
[[0;32m  OK  [0m] Created slice System Slice.
[   16.337006] systemd[1]: Starting Nameserver information manager...
         Starting Nameserver information manager...
[   16.341746] systemd[1]: Reached target Slices.
[[0;32m  OK  [0m] Reached target Slices.
[   16.345101] systemd[1]: Created slice system-serial\x2dgetty.slice.
[[0;32m  OK  [0m] Created slice system-serial\x2dgetty.slice.
[   16.353347] systemd[1]: Mounting Debug File System...
         Mounting Debug File System...
[   16.358482] systemd[1]: Starting Monitoring of LVM2 mirrors, snapshots etc. using dmeventd or progress polling...
         Starting Monitoring of LVM2 mirrors... dmeventd or progress polling...
[   16.368104] systemd[1]: Starting Load Kernel Modules...
         Starting Load Kernel Modules...
[   16.374608] systemd[1]: Starting Journal Service...
         Starting Journal Service...
[   16.381717] systemd[1]: Starting Create list of required static device nodes for the current kernel...
[   16.634988] Loading iSCSI transport class v2.0-870.
         Starting Create [   16.662557] iscsi: registered transport (tcp)
list of required st... nodes for the current kernel...
[   16.701434] systemd[1]: Mounting POSIX Message Queue File System...
         Mounting POSIX Message Queue File System...
[   16.732211] systemd[1]: Mounting Huge Pages File System...
         Mountin[   16.750563] iscsi: registered transport (iser)
g Huge Pages File System...
[   16.881070] systemd[1]: Starting Uncomplicated firewall...
         Starting Uncomplicated firewall...
[   16.896013] systemd[1]: Starting Set console keymap...
         Starting Set console keymap...
[   17.040206] systemd[1]: Starting Remount Root and Kernel File Systems...
         Starting Remount[   17.057983] EXT4-fs (sda1): re-mounted. Opts: (null)
 Root and Kernel File Systems...
[   17.059627] systemd[1]: Listening on udev Kernel Socket.
[[0;32m  OK  [0m] Listening on udev Kernel Socket.
[   17.062894] systemd[1]: Reached target Swap.
[[0;32m  OK  [0m] Reached target Swap.
[   17.065724] systemd[1]: Reached target User and Group Name Lookups.
[[0;32m  OK  [0m] Reached target User and Group Name Lookups.
[   17.071370] systemd[1]: Mounted POSIX Message Queue File System.
[[0;32m  OK  [0m] Mounted POSIX Message Queue File System.
[   17.076408] systemd[1]: Mounted Huge Pages File System.
[[0;32m  OK  [0m] Mounted Huge Pages File System.
[   17.080396] systemd[1]: Mounted Debug File System.
[[0;32m  OK  [0m] Mounted Debug File System.
[   17.083575] systemd[1]: Started Journal Service.
[[0;32m  OK  [0m] Started Journal Service.
[[0;32m  OK  [0m] Started Load Kernel Modules.
[[0;32m  OK  [0m] Started Create list of required sta...ce nodes for the current kernel.
[[0;32m  OK  [0m] Started Uncomplicated firewall.
[[0;32m  OK  [0m] Started Set console keymap.
[[0;32m  OK  [0m] Started Remount Root and Kernel File Systems.
[[0;32m  OK  [0m] Started Nameserver information manager.
[[0;32m  OK  [0m] Started LVM2 metadata daemon.
         Starting Load/Save Random Seed...
[   17.253534] random: nonblocking pool is initialized
         Starting udev Coldplug all Devices...
         Starting Create Static Device Nodes in /dev...
         Mounting FUSE Control File System...
         Starting Apply Kernel Variables...
         Starting Flush Journal to Persistent Storage...
[[0;32m  OK  [0m] Mounted FUSE Control File System.
[[0;32m  OK  [0m] Started Monitoring of LVM2 mirrors,...ng dmeventd or progress polling.
[[0;32m  OK  [0m] Started Load/Save Random Seed.
[[0;32m  OK  [0m] Started Create Static Device Nodes in /dev.
[[0;32m  OK  [0m] Started Apply Kernel Variables.
[[0;32m  OK  [0m] Started udev Coldplug all Devices.
[[0;32m  OK  [0m] Started Flush Journal to Persistent Storage.
         Starting udev Kernel Device Manager...
[[0;32m  OK  [0m] Started udev Kernel Device Manager.
[[0;32m  OK  [0m] Reached target Local File Systems (Pre).
[[0;32m  OK  [0m] Reached target Local File Systems.
         Starting LSB: AppArmor initialization...
         Starting Tell Plymouth To Write Out Runtime Data...
         Starting Initial cloud-init job (pre-networking)...
         Starting Run snappy firstboot setup...
         Starting Commit a transient machine-id on disk...
         Starting Set console font and keymap...
         Starting Create Volatile Files and Directories...
[[0;32m  OK  [0m] Started Dispatch Password Requests to Console Directory Watch.
[[0;32m  OK  [0m] Started Tell Plymouth To Write Out Runtime Data.
[[0;32m  OK  [0m] Started Run snappy firstboot setup.
[[0;32m  OK  [0m] Started Commit a transient machine-id on disk.
[[0;32m  OK  [0m] Started Create Volatile Files and Directories.
[   17.106740] cloud-init[540]: Cloud-init v. 0.7.8 running 'init-local' at Mon, 07 Nov 2016 22:23:59 +0000. Up 16.70 seconds.
[[0;32m  OK  [0m] Started Initial cloud-init job (pre-networking).
[[0;32m  OK  [0m] Started Set console font and keymap.
[[0;32m  OK  [0m] Found device /dev/ttyS0.
[[0;32m  OK  [0m] Listening on Load/Save RF Kill Switch Status /dev/rfkill Watch.
[[0;32m  OK  [0m] Created slice system-getty.slice.
[[0;32m  OK  [0m] Reached target System Time Synchronized.
         Starting Update UTMP about System Boot/Shutdown...
[[0;32m  OK  [0m] Reached target Network (Pre).
[[0;32m  OK  [0m] Started Update UTMP about System Boot/Shutdown.
[[0;32m  OK  [0m] Started LSB: AppArmor initialization.
         Starting Raise network interfaces...
[[0;32m  OK  [0m] Reached target System Initialization.
         Starting Socket activation for snappy daemon.
[[0;32m  OK  [0m] Listening on ACPID Listen Socket.
[[0;32m  OK  [0m] Started Timer to automatically refresh installed snaps.
[[0;32m  OK  [0m] Listening on D-Bus System Message Bus Socket.
[[0;32m  OK  [0m] Started Trigger resolvconf update for networkd DNS.
[[0;32m  OK  [0m] Started ACPI Events Check.
[[0;32m  OK  [0m] Reached target Paths.
[[0;32m  OK  [0m] Listening on UUID daemon activation socket.
[[0;32m  OK  [0m] Started Daily Cleanup of Temporary Directories.
[[0;32m  OK  [0m] Started Daily apt activities.
[[0;32m  OK  [0m] Reached target Timers.
         Starting LXD - unix socket.
[[0;32m  OK  [0m] Listening on Socket activation for snappy daemon.
[[0;32m  OK  [0m] Listening on LXD - unix socket.
[[0;32m  OK  [0m] Reached target Sockets.
[[0;32m  OK  [0m] Reached target Basic System.
         Starting LSB: MD monitoring daemon...
         Starting System Logging Service...
[[0;32m  OK  [0m] Started D-Bus System Message Bus.
         Starting Login Service...
[[0;32m  OK  [0m] Started ACPI event daemon.
[[0;32m  OK  [0m] Started Regular background program processing daemon.
[[0;32m  OK  [0m] Started FUSE filesystem for LXC.
         Starting LSB: Record successful boot for GRUB...
         Starting Accounts Service...
         Starting LXD - container startup/shutdown...
[[0;32m  OK  [0m] Started Deferred execution scheduler.
[[0;32m  OK  [0m] Started Snappy daemon.
[[0;32m  OK  [0m] Started System Logging Service.
[[0;32m  OK  [0m] Started LSB: MD monitoring daemon.
[[0;32m  OK  [0m] Started LSB: Record successful boot for GRUB.
[[0;32m  OK  [0m] Started Login Service.
         Starting Authenticate and Authorize Users to Run Privileged Tasks...
[[0;32m  OK  [0m] Started LXD - container startup/shutdown.
[[0;32m  OK  [0m] Started Authenticate and Authorize Users to Run Privileged Tasks.
[[0;32m  OK  [0m] Started Accounts Service.
[[0;32m  OK  [0m] Started Raise network interfaces.
         Starting Initial cloud-init job (metadata service crawler)...
[[0;32m  OK  [0m] Reached target Network.
[   20.985094] cloud-init[1017]: Cloud-init v. 0.7.8 running 'init' at Mon, 07 Nov 2016 22:24:02 +0000. Up 19.60 seconds.
[   21.068352] cloud-init[1017]: ci-info: ++++++++++++++++++++++++++++++++++++++Net device info++++++++++++++++++++++++++++++++++++++
[   21.068742] cloud-init[1017]: ci-info: +--------+-------+----------------------------+---------------+-------+-------------------+
[[0;32m  OK  [0m] Started Initial cloud-init job (metadata service crawler).
[   21.068970] cloud-init[1017]: ci-info: | Device |   Up  |          Address           |      Mask     | Scope |     Hw-Address    |
[[   21.308657] cloud-init[1017]: ci-info: +--------+-------+----------------------------+---------------+-------+-------------------+
[   21.309450] cloud-init[1017]: ci-info: | enp0s8 | False |             .              |       .       |   .   | 08:00:27:1d:85:9a |
[   21.309711] cloud-init[1017]: ci-info: |   lo   |  True |         127.0.0.1          |   255.0.0.0   |   .   |         .         |
[   21.310226] cloud-init[1017]: ci-info: |   lo   |  True |          ::1/128           |       .       |  host |         .         |
[   21.310711] cloud-init[1017]: ci-info: | enp0s3 |  True |         10.0.2.15          | 255.255.255.0 |   .   | 02:e3:e0:58:a3:49 |
[   21.310963] cloud-init[1017]: ci-info: | enp0s3 |  True | fe80::e3:e0ff:fe58:a349/64 |       .       |  link | 02:e3:e0:58:a3:49 |
[   21.311252] cloud-init[1017]: ci-info: +--------+-------+----------------------------+---------------+-------+-------------------+
[   21.311701] cloud-init[1017]: ci-info: +++++++++++++++++++++++++++Route IPv4 info++++++++++++++++++++++++++++
[   21.311969] cloud-init[1017]: ci-info: +-------+-------------+----------+---------------+-----------+-------+
[   21.312490] cloud-init[1017]: ci-info: | Route | Destination | Gateway  |    Genmask    | Interface | Flags |
[   21.313021] cloud-init[1017]: ci-info: +-------+-------------+----------+---------------+-----------+-------+
[   21.313270] cloud-init[1017]: ci-info: |   0   |   0.0.0.0   | 10.0.2.2 |    0.0.0.0    |   enp0s3  |   UG  |
[   21.313533] cloud-init[1017]: ci-info: |   1   |   10.0.2.0  | 0.0.0.0  | 255.255.255.0 |   enp0s3  |   U   |
[0;32m  OK  [0m] Reached target Network is Online.
[   21.313853] cloud-init[1017]: ci-info: +-------+-------------+----------+---------------+-----------+-------+
[   21.389058] cloud-init[1017]: Generating public/private rsa key pair.
[   21.390840] cloud-init[1017]: Your identification has been saved in /etc/ssh/ssh_host_rsa_key.
[   21.444310] cloud-init[1017]: Your public key has been saved in /etc/ssh/ssh_host_rsa_key.pub.
[   21.444792] cloud-init[1017]: The key fingerprint is:
[   21.445073] cloud-init[1017]: SHA256:pew+FAMDpQPZaa8gBhyIdImnEO/1nx4PFhMGi8ZcPTU root@ubuntu-xenial
[   21.445326] cloud-init[1017]: The key's randomart image is:
[   21.445577] cloud-init[1017]: +---[RSA 2048]----+
[   21.445837] cloud-init[1017]: |*+++o++. .E      |
[   21.446104] cloud-init[1017]: |=+o*++ooo  .     |
[   21.446357] cloud-init[1017]: |o +.O..oo..      |
[   21.446599] cloud-init[1017]: |.+.o o.oo+       |
[   21.446846] cloud-init[1017]: |.... .. So       |
[   21.447103] cloud-init[1017]: |    .  o.+       |
[   21.447327] cloud-init[1017]: |       .B        |
[   21.447560] cloud-init[1017]: |       +.+       |
[   21.447821] cloud-init[1017]: |        o..      |
[   21.448084] cloud-init[1017]: +----[SHA256]-----+
[   21.448265] cloud-init[1017]: Generating public/private dsa key pair.
[   21.448519] cloud-init[1017]: Your identification has been saved in /etc/ssh/ssh_host_dsa_key.
[   21.448759] cloud-init[1017]: Your public key has been saved in /etc/ssh/ssh_host_dsa_key.pub.
[   21.449050] cloud-init[1017]: The key fingerprint is:
         Starting iSCSI initiator daemon (iscsid)...
[   21.449225] cloud-init[1017]: SHA256:HcLed89wbbgOf2uZ1QmgLm1ZIk2kFm9ZaxrLjmwSL40 root@ubuntu-xenial
[   21.468109] cloud-init[1017]: The key's randomart image is:
[   21.470720] cloud-init[1017]: +---[DSA 1024]----+
[   21.472197] cloud-init[1017]: |       ... .     |
[   21.473711] cloud-init[1017]: |       .+.o..    |
[   21.475277] cloud-init[1017]: |       o==oo.    |
[   21.476901] cloud-init[1017]: |      .ooB=o . ..|
[   21.478352] cloud-init[1017]: |     .  S+* . = *|
[   21.479768] cloud-init[1017]: |      *.o= . . Oo|
[   21.481284] cloud-init[1017]: |     E *o.  . . *|
[   21.482749] cloud-init[1017]: |      +      + +.|
[   21.484654] cloud-init[1017]: |              +o.|
[   21.485262] cloud-init[1017]: +----[SHA256]-----+
[   21.485509] cloud-init[1017]: Generating public/private ecdsa key pair.
[   21.485763] cloud-init[1017]: Your identification has been saved in /etc/ssh/ssh_host_ecdsa_key.
[   21.486002] cloud-init[1017]: Your public key has been saved in /etc/ssh/ssh_host_ecdsa_key.pub.
[   21.486272] cloud-init[1017]: The key fingerprint is:
[   21.486514] cloud-init[1017]: SHA256:nmMprMrDN34/deql/X472lBfau4DFDiPueVw2JF1wfg root@ubuntu-xenial
[   21.486760] cloud-init[1017]: The key's randomart image is:
[   21.487009] cloud-init[1017]: +---[ECDSA 256]---+
[   21.487264] cloud-init[1017]: |           . o+.o|
[   21.487509] cloud-init[1017]: |          o +. o |
[   21.487755] cloud-init[1017]: |           B o.  |
[   21.488003] cloud-init[1017]: |          = *  E |
[   21.488509] cloud-init[1017]: |        S  B   ..|
[   21.488753] cloud-init[1017]: |     . . oo + ..o|
[   21.489032] cloud-init[1017]: | .    o *. o.oo .|
[   21.489252] cloud-init[1017]: | .o o..o...+ o+..|
[   21.489491] cloud-init[1017]: |  o=oo ..oo .=*=o|
[   21.489739] cloud-init[1017]: +----[SHA256]-----+
[   21.489990] cloud-init[1017]: Generating public/private ed25519 key pair.
[   21.490240] cloud-init[1017]: Your identification has been saved in /etc/ssh/ssh_host_ed25519_key.
[   21.490490] cloud-init[1017]: Your public key has been saved in /etc/ssh/ssh_host_ed25519_key.pub.
[   21.490731] cloud-init[1017]: The key fingerprint is:
[   21.490979] cloud-init[1017]: SHA256:SSTNhp+qGvBbEe7kuGanfTEqGGwlnBLaMH1ka+A8Lgs root@ubuntu-xenial
[   21.491225] cloud-init[1017]: The key's randomart image is:
[   21.491469] cloud-init[1017]: +--[ED25519 256]--+
[   21.491696] cloud-init[1017]: | ...o .+.        |
[   21.491929] cloud-init[1017]: |+o.o...o+        |
[   21.492468] cloud-init[1017]: |o==.+  o..       |
[   21.492685] cloud-init[1017]: |o=.= . .o.       |
[   21.492933] cloud-init[1017]: |E + +  .S        |
[   21.493181] cloud-init[1017]: |oB = .+          |
[   21.493433] cloud-init[1017]: |oo+ +o o         |
[   21.493680] cloud-init[1017]: |. +*+ .          |
[   21.494217] cloud-init[1017]: | o==..           |
[   21.494447] cloud-init[1017]: +----[SHA256]-----+
         Starting Pollinate to seed the pseudo random number generator...
         Starting /etc/rc.local Compatibility...
[[0;32m  OK  [0m] Reached target Cloud-config availability.
         Starting Apply the settings specified in cloud-config...
[[0;32m  OK  [0m] Started /etc/rc.local Compatibility.
[[0;32m  OK  [0m] Started iSCSI initiator daemon (iscsid).
         Starting Login to default iSCSI targets...
[[0;32m  OK  [0m] Started Login to default iSCSI targets.
[[0;32m  OK  [0m] Reached target Remote File Systems (Pre).
[[0;32m  OK  [0m] Reached target Remote File Systems.
         Starting LSB: VirtualBox Linux Additions...
         Starting Permit User Sessions...
         Starting LSB: automatic crash report generation...
         Starting LSB: Set the CPU Frequency Scaling governor to "ondemand"...
         Starting LSB: daemon to balance interrupts for SMP systems...
[[0;32m  OK  [0m] Started Permit User Sessions.
         Starting Hold until boot process finishes up...
         Starting Terminate Plymouth Boot Screen...
[[0;32m  OK  [0m] Started LSB: VirtualBox Linux Additions.
[[0;32m  OK  [0m] Started LSB: automatic crash report generation.
[[0;32m  OK  [0m] Started LSB: Set the CPU Frequency Scaling governor to "ondemand".
[[0;32m  OK  [0m] Started Pollinate to seed the pseudo random number generator.
[[0;32m  OK  [0m] Started LSB: daemon to balance interrupts for SMP systems.
[[0;32m  OK  [0m] Started Hold until boot process finishes up.
[[0;32m  OK  [0m] Started Terminate Plymouth Boot Screen.
[   22.198871] cloud-init[1143]: Generating locales (this might take a while)...
[[0;32m  OK  [0m] Started Serial Getty on ttyS0.
         Starting Set console scheme...
[[0;32m  OK  [0m] Started Getty on tty1.
[[0;32m  OK  [0m] Reached target Login Prompts.
         Starting OpenBSD Secure Shell server...
[[0;32m  OK  [0m] Started Set console scheme.
[[0;32m  OK  [0m] Started OpenBSD Secure Shell server.
[[0;32m  OK  [0m] Reached target Multi-User System.
         Starting Notify bootloader that boot was successful...
[[0;32m  OK  [0m] Reached target Graphical Interface.
         Starting Update UTMP about System Runlevel Changes...
[[0;32m  OK  [0m] Started Notify bootloader that boot was successful.
[[0;32m  OK  [0m] Started Update UTMP about System Runlevel Changes.
[   23.179039] cloud-init[1143]:   en_US.UTF-8... done
[   23.186092] cloud-init[1143]: Generation complete.
         Stopping OpenBSD Secure Shell server...
[[0;32m  OK  [0m] Stopped OpenBSD Secure Shell server.
         Starting OpenBSD Secure Shell server...
[[0;32m  OK  [0m] Started OpenBSD Secure Shell server.
[   24.050967] cloud-init[1143]: Cloud-init v. 0.7.8 running 'modules:config' at Mon, 07 Nov 2016 22:24:04 +0000. Up 22.06 seconds.
[[0;32m  OK  [0m] Started Apply the settings specified in cloud-config.
         Starting Execute cloud user/final scripts...
ci-info: no authorized ssh keys fingerprints found for user ubuntu.
<14>Nov  7 22:24:07 ec2: 
<14>Nov  7 22:24:07 ec2: #############################################################
<14>Nov  7 22:24:07 ec2: -----BEGIN SSH HOST KEY FINGERPRINTS-----
<14>Nov  7 22:24:07 ec2: 1024 SHA256:HcLed89wbbgOf2uZ1QmgLm1ZIk2kFm9ZaxrLjmwSL40 root@ubuntu-xenial (DSA)
<14>Nov  7 22:24:07 ec2: 256 SHA256:nmMprMrDN34/deql/X472lBfau4DFDiPueVw2JF1wfg root@ubuntu-xenial (ECDSA)
<14>Nov  7 22:24:07 ec2: 256 SHA256:SSTNhp+qGvBbEe7kuGanfTEqGGwlnBLaMH1ka+A8Lgs root@ubuntu-xenial (ED25519)
<14>Nov  7 22:24:07 ec2: 2048 SHA256:pew+FAMDpQPZaa8gBhyIdImnEO/1nx4PFhMGi8ZcPTU root@ubuntu-xenial (RSA)
<14>Nov  7 22:24:07 ec2: -----END SSH HOST KEY FINGERPRINTS-----
<14>Nov  7 22:24:07 ec2: #############################################################
-----BEGIN SSH HOST KEY KEYS-----
ecdsa-sha2-nistp256 AAAAE2VjZHNhLXNoYTItbmlzdHAyNTYAAAAIbmlzdHAyNTYAAABBBMy83u21yyWvr0EEMaQtLpsuRU/BIG5SxY17fVwn82Sz7VX+UiGTMNJ//dj1Ujh4ZhvDDKmuNTIyPPTfzGLeuEs= root@ubuntu-xenial
ssh-ed25519 AAAAC3NzaC1lZDI1NTE5AAAAIHYNj/xfrYLJJSzoZKKuj3SMVEraH1P0UsmXb7PPoiTs root@ubuntu-xenial
ssh-rsa AAAAB3NzaC1yc2EAAAADAQABAAABAQDbMGSUzZK65czOsrp36Iiuk6PWxXhI1Xz8yjexqv04ZnPUW1AkoWfGauyTzUQ9TLb7/Kn4Zj7M6ePnmRh3APgUqMKx5+8jg4SbKD4RSr38Fp8voVoOnx1QvcTiQffuaOmyBjMmICwCSCMvrSrlE6Lzpl93O+1jsHIBmKikOj2fdIfkaPOGk6NxKm5Z0YDqFwMQqSa8ouGV+Ms1LNjrlqDn4jBX0D2/scdVgbykpp6vJSZpLTgKF4/UL1mLHZs9veM7jX+CUtUN1t1HHkekorsE64nrY6MHvxIR1A9ZH6RGlwfVihh+s7EWZQe62wbdJMkGia8tVXvPpHnyukkT0BVF root@ubuntu-xenial
-----END SSH HOST KEY KEYS-----
[   24.851869] cloud-init[1315]: Cloud-init v. 0.7.8 running 'modules:final' at Mon, 07 Nov 2016 22:24:07 +0000. Up 24.49 seconds.
[   24.881143] cloud-init[1315]: ci-info: no authorized ssh keys fingerprints found for user ubuntu.
[   24.883369] cloud-init[1315]: Cloud-init v. 0.7.8 finished at Mon, 07 Nov 2016 22:24:07 +0000. Datasource DataSourceNoCloud [seed=/dev/sdb][dsmode=net].  Up 24.83 seconds
[[0;32m  OK  [0m] Started Execute cloud user/final scripts.
[[0;32m  OK  [0m] Reached target Cloud-init target.

Ubuntu 16.04.1 LTS ubuntu-xenial ttyS0

ubuntu-xenial login: 